2025-04-11 17:45:55,622 - response_generator - ERROR - Error generating response: 'description'
2025-04-11 17:45:55,623 - learning_agent - ERROR - Error updating query patterns: 'dict' object has no attribute 'query_patterns'
2025-04-11 17:45:55,633 - response_generator - ERROR - Error generating response: 'description'
2025-04-11 17:45:55,634 - learning_agent - ERROR - Error updating query patterns: 'dict' object has no attribute 'query_patterns'
2025-04-11 17:45:55,656 - retrieval_agent - ERROR - Error in general graph search: 'description'
2025-04-11 17:45:55,656 - learning_agent - ERROR - Error updating query patterns: 'dict' object has no attribute 'query_patterns'
2025-04-11 17:45:55,659 - learning_agent - ERROR - Error incorporating additional info: 'dict' object has no attribute 'additional_knowledge'
2025-04-11 17:45:55,660 - learning_agent - ERROR - Error updating feedback stats: 'dict' object has no attribute 'feedback_stats'
2025-04-11 17:47:39,637 - learning_agent - ERROR - Error updating query patterns: 'dict' object has no attribute 'query_patterns'
2025-04-11 17:47:39,649 - learning_agent - ERROR - Error updating query patterns: 'dict' object has no attribute 'query_patterns'
2025-04-11 17:47:39,660 - learning_agent - ERROR - Error updating query patterns: 'dict' object has no attribute 'query_patterns'
2025-04-11 17:47:39,671 - retrieval_agent - ERROR - Error in general graph search: 'description'
2025-04-11 17:47:39,672 - learning_agent - ERROR - Error updating query patterns: 'dict' object has no attribute 'query_patterns'
2025-04-11 17:47:39,673 - learning_agent - ERROR - Error incorporating additional info: 'dict' object has no attribute 'additional_knowledge'
2025-04-11 17:47:39,674 - learning_agent - ERROR - Error updating feedback stats: 'dict' object has no attribute 'feedback_stats'
2025-04-11 17:48:40,683 - retrieval_agent - ERROR - Error in general graph search: 'description'
2025-04-11 17:48:40,685 - learning_agent - ERROR - Error incorporating additional info: 'dict' object has no attribute 'additional_knowledge'
2025-04-11 17:48:40,685 - learning_agent - ERROR - Error updating feedback stats: 'dict' object has no attribute 'feedback_stats'
2025-04-11 17:58:01,357 - retrieval_agent - ERROR - Error in general graph search: 'description'
2025-04-11 17:58:01,359 - learning_agent - ERROR - Error incorporating additional info: 'dict' object has no attribute 'additional_knowledge'
2025-04-11 17:58:01,359 - learning_agent - ERROR - Error updating feedback stats: 'dict' object has no attribute 'feedback_stats'
2025-04-11 18:02:45,004 - retrieval_agent - ERROR - Error in general graph search: 'description'
2025-04-11 18:02:45,006 - learning_agent - ERROR - Error incorporating additional info: 'dict' object has no attribute 'additional_knowledge'
2025-04-11 18:02:45,006 - learning_agent - ERROR - Error updating feedback stats: 'dict' object has no attribute 'feedback_stats'
2025-04-11 18:10:00,447 - query_interpreter - ERROR - Error interpreting query: 'list' object has no attribute 'get'
2025-04-11 18:10:00,585 - query_interpreter - ERROR - Error interpreting query: 'list' object has no attribute 'get'
